DEBUG:PIL.PngImagePlugin:STREAM b'IHDR' 16 13
DEBUG:PIL.PngImagePlugin:STREAM b'sRGB' 41 1
DEBUG:PIL.PngImagePlugin:STREAM b'sBIT' 54 4
DEBUG:PIL.PngImagePlugin:b'sBIT' 54 4 (unknown)
DEBUG:PIL.PngImagePlugin:STREAM b'pHYs' 70 9
DEBUG:PIL.PngImagePlugin:STREAM b'iTXt' 91 1142
DEBUG:PIL.PngImagePlugin:STREAM b'IDAT' 1245 8192
DEBUG:PIL.PngImagePlugin:STREAM b'IHDR' 16 13
DEBUG:PIL.PngImagePlugin:STREAM b'IDAT' 41 65536
DEBUG:PIL.PngImagePlugin:STREAM b'IHDR' 16 13
DEBUG:PIL.PngImagePlugin:STREAM b'IDAT' 41 65536
DEBUG:PIL.PngImagePlugin:STREAM b'IHDR' 16 13
DEBUG:PIL.PngImagePlugin:STREAM b'sRGB' 41 1
DEBUG:PIL.PngImagePlugin:STREAM b'sBIT' 54 4
DEBUG:PIL.PngImagePlugin:b'sBIT' 54 4 (unknown)
DEBUG:PIL.PngImagePlugin:STREAM b'pHYs' 70 9
DEBUG:PIL.PngImagePlugin:STREAM b'iTXt' 91 1142
DEBUG:PIL.PngImagePlugin:STREAM b'IDAT' 1245 8192
DEBUG:PIL.PngImagePlugin:STREAM b'IHDR' 16 13
DEBUG:PIL.PngImagePlugin:STREAM b'IDAT' 41 65536
DEBUG:PIL.PngImagePlugin:STREAM b'IHDR' 16 13
DEBUG:PIL.PngImagePlugin:STREAM b'IDAT' 41 65536
